0 silly input [ 'pretest' ]
1 silly flags { _: [ 'run' ],
1 silly flags   sort: true,
1 silly flags   concurrency: 4,
1 silly flags   script: 'pretest',
1 silly flags   args: [] }
2 verbose rootPath /Users/chrissauve/Projects/graphql-tools
3 info version 2.0.0-rc.4
4 info versioning independent
5 silly isInitialized
6 silly isInitialized true
7 silly existsSync /Users/chrissauve/Projects/graphql-tools/VERSION
8 silly initialize attempt
9 silly initialize success
10 silly execute attempt
11 silly runScriptInDir pretest [] graphql-validate-fixtures
12 silly getExecOpts { cwd: '/Users/chrissauve/Projects/graphql-tools/packages/graphql-validate-fixtures' }
13 error pretest Errored while running script in 'graphql-validate-fixtures'
14 error execute Error: Command failed: npm run pretest
14 error execute error Command failed with exit code 2.
14 error execute
14 error execute npm ERR! Darwin 16.5.0
14 error execute npm ERR! argv "/Users/chrissauve/.nvm/versions/node/v6.9.4/bin/node" "/Users/chrissauve/.nvm/versions/node/v6.9.4/bin/npm" "run" "pretest"
14 error execute npm ERR! node v6.9.4
14 error execute npm ERR! npm  v3.10.10
14 error execute npm ERR! code ELIFECYCLE
14 error execute npm ERR! graphql-validate-fixtures@0.1.0 pretest: `yarn run build && node scripts/introspection.js`
14 error execute npm ERR! Exit status 1
14 error execute npm ERR!
14 error execute npm ERR! Failed at the graphql-validate-fixtures@0.1.0 pretest script 'yarn run build && node scripts/introspection.js'.
14 error execute npm ERR! Make sure you have the latest version of node.js and npm installed.
14 error execute npm ERR! If you do, this is most likely a problem with the graphql-validate-fixtures package,
14 error execute npm ERR! not with npm itself.
14 error execute npm ERR! Tell the author that this fails on your system:
14 error execute npm ERR!     yarn run build && node scripts/introspection.js
14 error execute npm ERR! You can get information on how to open an issue for this project with:
14 error execute npm ERR!     npm bugs graphql-validate-fixtures
14 error execute npm ERR! Or if that isn't available, you can get their info via:
14 error execute npm ERR!     npm owner ls graphql-validate-fixtures
14 error execute npm ERR! There is likely additional logging output above.
14 error execute
14 error execute npm ERR! Please include the following file with any support request:
14 error execute npm ERR!     /Users/chrissauve/Projects/graphql-tools/packages/graphql-validate-fixtures/npm-debug.log
14 error execute
14 error execute > graphql-validate-fixtures@0.1.0 pretest /Users/chrissauve/Projects/graphql-tools/packages/graphql-validate-fixtures
14 error execute > yarn run build && node scripts/introspection.js
14 error execute
14 error execute yarn run v0.21.3
14 error execute $ tsc
14 error execute src/cli.ts(3,24): error TS7016: Could not find a declaration file for module 'yargs'. '/Users/chrissauve/Projects/graphql-tools/packages/graphql-validate-fixtures/node_modules/yargs/index.js' implicitly has an 'any' type.
14 error execute src/cli.ts(5,24): error TS7016: Could not find a declaration file for module 'chalk'. '/Users/chrissauve/Projects/graphql-tools/packages/graphql-validate-fixtures/node_modules/chalk/index.js' implicitly has an 'any' type.
14 error execute info Visit https://yarnpkg.com/en/docs/cli/run for documentation about this command.
14 error execute
14 error execute     at Promise.all.then.arr (/Users/chrissauve/Projects/graphql-tools/node_modules/execa/index.js:210:11)
14 error execute     at process._tickCallback (internal/process/next_tick.js:103:7)
14 error execute  callback with error
14 error execute  { Error: Command failed: npm run pretest
14 error execute error Command failed with exit code 2.
14 error execute
14 error execute npm ERR! Darwin 16.5.0
14 error execute npm ERR! argv "/Users/chrissauve/.nvm/versions/node/v6.9.4/bin/node" "/Users/chrissauve/.nvm/versions/node/v6.9.4/bin/npm" "run" "pretest"
14 error execute npm ERR! node v6.9.4
14 error execute npm ERR! npm  v3.10.10
14 error execute npm ERR! code ELIFECYCLE
14 error execute npm ERR! graphql-validate-fixtures@0.1.0 pretest: `yarn run build && node scripts/introspection.js`
14 error execute npm ERR! Exit status 1
14 error execute npm ERR!
14 error execute npm ERR! Failed at the graphql-validate-fixtures@0.1.0 pretest script 'yarn run build && node scripts/introspection.js'.
14 error execute npm ERR! Make sure you have the latest version of node.js and npm installed.
14 error execute npm ERR! If you do, this is most likely a problem with the graphql-validate-fixtures package,
14 error execute npm ERR! not with npm itself.
14 error execute npm ERR! Tell the author that this fails on your system:
14 error execute npm ERR!     yarn run build && node scripts/introspection.js
14 error execute npm ERR! You can get information on how to open an issue for this project with:
14 error execute npm ERR!     npm bugs graphql-validate-fixtures
14 error execute npm ERR! Or if that isn't available, you can get their info via:
14 error execute npm ERR!     npm owner ls graphql-validate-fixtures
14 error execute npm ERR! There is likely additional logging output above.
14 error execute
14 error execute npm ERR! Please include the following file with any support request:
14 error execute npm ERR!     /Users/chrissauve/Projects/graphql-tools/packages/graphql-validate-fixtures/npm-debug.log
14 error execute
14 error execute > graphql-validate-fixtures@0.1.0 pretest /Users/chrissauve/Projects/graphql-tools/packages/graphql-validate-fixtures
14 error execute > yarn run build && node scripts/introspection.js
14 error execute
14 error execute yarn run v0.21.3
14 error execute $ tsc
14 error execute src/cli.ts(3,24): error TS7016: Could not find a declaration file for module 'yargs'. '/Users/chrissauve/Projects/graphql-tools/packages/graphql-validate-fixtures/node_modules/yargs/index.js' implicitly has an 'any' type.
14 error execute src/cli.ts(5,24): error TS7016: Could not find a declaration file for module 'chalk'. '/Users/chrissauve/Projects/graphql-tools/packages/graphql-validate-fixtures/node_modules/chalk/index.js' implicitly has an 'any' type.
14 error execute info Visit https://yarnpkg.com/en/docs/cli/run for documentation about this command.
14 error execute
14 error execute     at Promise.all.then.arr (/Users/chrissauve/Projects/graphql-tools/node_modules/execa/index.js:210:11)
14 error execute     at process._tickCallback (internal/process/next_tick.js:103:7)
14 error execute   code: 1,
14 error execute   killed: false,
14 error execute   stdout: '\n> graphql-validate-fixtures@0.1.0 pretest /Users/chrissauve/Projects/graphql-tools/packages/graphql-validate-fixtures\n> yarn run build && node scripts/introspection.js\n\nyarn run v0.21.3\n$ tsc \nsrc/cli.ts(3,24): error TS7016: Could not find a declaration file for module \'yargs\'. \'/Users/chrissauve/Projects/graphql-tools/packages/graphql-validate-fixtures/node_modules/yargs/index.js\' implicitly has an \'any\' type.\nsrc/cli.ts(5,24): error TS7016: Could not find a declaration file for module \'chalk\'. \'/Users/chrissauve/Projects/graphql-tools/packages/graphql-validate-fixtures/node_modules/chalk/index.js\' implicitly has an \'any\' type.\ninfo Visit https://yarnpkg.com/en/docs/cli/run for documentation about this command.\n',
14 error execute   stderr: 'error Command failed with exit code 2.\n\nnpm ERR! Darwin 16.5.0\nnpm ERR! argv "/Users/chrissauve/.nvm/versions/node/v6.9.4/bin/node" "/Users/chrissauve/.nvm/versions/node/v6.9.4/bin/npm" "run" "pretest"\nnpm ERR! node v6.9.4\nnpm ERR! npm  v3.10.10\nnpm ERR! code ELIFECYCLE\nnpm ERR! graphql-validate-fixtures@0.1.0 pretest: `yarn run build && node scripts/introspection.js`\nnpm ERR! Exit status 1\nnpm ERR! \nnpm ERR! Failed at the graphql-validate-fixtures@0.1.0 pretest script \'yarn run build && node scripts/introspection.js\'.\nnpm ERR! Make sure you have the latest version of node.js and npm installed.\nnpm ERR! If you do, this is most likely a problem with the graphql-validate-fixtures package,\nnpm ERR! not with npm itself.\nnpm ERR! Tell the author that this fails on your system:\nnpm ERR!     yarn run build && node scripts/introspection.js\nnpm ERR! You can get information on how to open an issue for this project with:\nnpm ERR!     npm bugs graphql-validate-fixtures\nnpm ERR! Or if that isn\'t available, you can get their info via:\nnpm ERR!     npm owner ls graphql-validate-fixtures\nnpm ERR! There is likely additional logging output above.\n\nnpm ERR! Please include the following file with any support request:\nnpm ERR!     /Users/chrissauve/Projects/graphql-tools/packages/graphql-validate-fixtures/npm-debug.log\n',
14 error execute   failed: true,
14 error execute   signal: null,
14 error execute   cmd: 'npm run pretest',
14 error execute   timedOut: false }
